[      26ms] [ERROR] Another exception was thrown: ListTile background color or ink splashes may be invisible. @ http://localhost:8080/packages/flutter/src/foundation/_error_dumper_web.dart.lib.js:71
[      32ms] [ERROR] Another exception was thrown: ListTile background color or ink splashes may be invisible. @ http://localhost:8080/packages/flutter/src/foundation/_error_dumper_web.dart.lib.js:71
[      39ms] [ERROR] Another exception was thrown: ListTile background color or ink splashes may be invisible. @ http://localhost:8080/packages/flutter/src/foundation/_error_dumper_web.dart.lib.js:71
[      45ms] [ERROR] Another exception was thrown: ListTile background color or ink splashes may be invisible. @ http://localhost:8080/packages/flutter/src/foundation/_error_dumper_web.dart.lib.js:71
[      51ms] [ERROR] Another exception was thrown: ListTile background color or ink splashes may be invisible. @ http://localhost:8080/packages/flutter/src/foundation/_error_dumper_web.dart.lib.js:71
[      57ms] [ERROR] Another exception was thrown: ListTile background color or ink splashes may be invisible. @ http://localhost:8080/packages/flutter/src/foundation/_error_dumper_web.dart.lib.js:71
[      63ms] [ERROR] Another exception was thrown: ListTile background color or ink splashes may be invisible. @ http://localhost:8080/packages/flutter/src/foundation/_error_dumper_web.dart.lib.js:71
[      69ms] [ERROR] Another exception was thrown: ListTile background color or ink splashes may be invisible. @ http://localhost:8080/packages/flutter/src/foundation/_error_dumper_web.dart.lib.js:71
[      74ms] [ERROR] Another exception was thrown: ListTile background color or ink splashes may be invisible. @ http://localhost:8080/packages/flutter/src/foundation/_error_dumper_web.dart.lib.js:71
[   31703ms] [ERROR] Another exception was thrown: ListTile background color or ink splashes may be invisible. @ http://localhost:8080/packages/flutter/src/foundation/_error_dumper_web.dart.lib.js:71
[   31711ms] [ERROR] Another exception was thrown: ListTile background color or ink splashes may be invisible. @ http://localhost:8080/packages/flutter/src/foundation/_error_dumper_web.dart.lib.js:71
[   31717ms] [ERROR] Another exception was thrown: ListTile background color or ink splashes may be invisible. @ http://localhost:8080/packages/flutter/src/foundation/_error_dumper_web.dart.lib.js:71
[   31722ms] [ERROR] Another exception was thrown: ListTile background color or ink splashes may be invisible. @ http://localhost:8080/packages/flutter/src/foundation/_error_dumper_web.dart.lib.js:71
[   31727ms] [ERROR] Another exception was thrown: ListTile background color or ink splashes may be invisible. @ http://localhost:8080/packages/flutter/src/foundation/_error_dumper_web.dart.lib.js:71
[   31734ms] [ERROR] Another exception was thrown: ListTile background color or ink splashes may be invisible. @ http://localhost:8080/packages/flutter/src/foundation/_error_dumper_web.dart.lib.js:71
[   31741ms] [ERROR] Another exception was thrown: ListTile background color or ink splashes may be invisible. @ http://localhost:8080/packages/flutter/src/foundation/_error_dumper_web.dart.lib.js:71
[   31748ms] [ERROR] Another exception was thrown: ListTile background color or ink splashes may be invisible. @ http://localhost:8080/packages/flutter/src/foundation/_error_dumper_web.dart.lib.js:71
[   31756ms] [ERROR] Another exception was thrown: ListTile background color or ink splashes may be invisible. @ http://localhost:8080/packages/flutter/src/foundation/_error_dumper_web.dart.lib.js:71
[  677284ms] NotFoundError: IDBDatabase.transaction: 'undefined' is not a known object store name
    at idbKeys</req.onsuccess (debugger eval code line 303 > eval line 2 > eval:10:21)
    at EventHandlerNonNull*idbKeys< (debugger eval code line 303 > eval line 2 > eval:8:5)
    at  (debugger eval code line 303 > eval line 2 > eval:6:25)
    at  (debugger eval code line 303 > eval:4:50)
    at evaluate (debugger eval code:305:16)
    at  (debugger eval code:1:44)
    at  (debugger eval code:1:62)
    at evaluateFunction (chrome://juggler/content/content/Runtime.js:417:57)
    at callFunction (chrome://juggler/content/content/Runtime.js:103:41)
    at _onMessageInternal (chrome://juggler/content/SimpleChannel.js:237:37)
    at _onMessage (chrome://juggler/content/SimpleChannel.js:194:12)
    at bindToActor/actor.receiveMessage (chrome://juggler/content/SimpleChannel.js:39:44)
